[08Jan2025 00:00:07.474] [Server thread/INFO] [net.minecraft.world.entity.LivingEntity/]: Named entity Zombie['Drunken Villager'/15107, l='ServerLevel[world]', x=38.99, y=72.00, z=9.44] died: Drunken Villager fell from a high place
[08Jan2025 00:00:30.221] [Server thread/INFO] [net.minecraft.server.network.ServerGamePacketListenerImpl/]: 22PieroRR lost connection: Disconnected
[08Jan2025 00:00:30.222] [Server thread/INFO] [net.minecraft.server.MinecraftServer/]: 22PieroRR left the game
[08Jan2025 00:01:59.278] [Server thread/WARN] [tombstone/]: The death event of the player elrisas741 was canceled by another mod
[08Jan2025 00:01:59.286] [Server thread/INFO] [tombstone/]: The player elrisas741 has successfully been saved
[08Jan2025 00:02:06.044] [Server thread/INFO] [net.minecraft.server.players.PlayerList/]: 22PieroRR[/127.65.5.114:46789] logged in with entity id 15545 at (37.84565574447261, 104.0, 16.9693252842629)
[08Jan2025 00:02:06.057] [Server thread/INFO] [net.minecraft.server.MinecraftServer/]: 22PieroRR joined the game
[08Jan2025 00:02:06.114] [Server thread/INFO] [Jade/]: Syncing config to 22PieroRR (0095057f-b0f1-35f0-92b7-7c2b5a2b86fe)
[08Jan2025 00:02:13.034] [Server thread/INFO] [net.minecraft.server.MinecraftServer/]: elrisas741 was doomed to fall by Aldhair_16
[08Jan2025 00:02:15.471] [Server thread/INFO] [net.minecraft.world.entity.LivingEntity/]: Named entity Zombie['Drunken Villager'/15638, l='ServerLevel[world]', x=35.86, y=77.00, z=9.53] died: Drunken Villager fell from a high place
[08Jan2025 00:02:59.034] [Server thread/WARN] [tombstone/]: The death event of the player elrisas741 was canceled by another mod
[08Jan2025 00:02:59.042] [Server thread/INFO] [tombstone/]: The player elrisas741 has successfully been saved
[08Jan2025 00:03:00.524] [Server thread/INFO] [net.minecraft.server.network.ServerLoginPacketListenerImpl/]: /127.79.219.102:40615 lost connection: Internal Exception: java.lang.IllegalStateException: Invalid characters in username
[08Jan2025 00:03:06.975] [Server thread/INFO] [net.minecraft.server.network.ServerLoginPacketListenerImpl/]: /127.79.219.102:43411 lost connection: Internal Exception: java.lang.IllegalStateException: Invalid characters in username
[08Jan2025 00:03:09.580] [Server thread/INFO] [net.minecraft.server.MinecraftServer/]: elrisas741 hit the ground too hard whilst trying to escape Aldhair_16
[08Jan2025 00:03:14.181] [Server thread/INFO] [net.minecraft.world.entity.LivingEntity/]: Named entity Zombie['Drunken Villager'/15844, l='ServerLevel[world]', x=36.47, y=72.00, z=9.63] died: Drunken Villager fell from a high place
[08Jan2025 00:03:33.239] [Server thread/WARN] [tombstone/]: The death event of the player Aldhair_16 was canceled by another mod
[08Jan2025 00:03:33.246] [Server thread/INFO] [tombstone/]: The player Aldhair_16 has successfully been saved
[08Jan2025 00:03:34.504] [Worker-Main-2/WARN] [com.finndog.mvs.MVSCommon/]: Moog's Voyager Structures: Empty or nonexistent pool: mvs:farm/side_pool which is being called from mvs:other_decoration/wooden_wheat_farm
[08Jan2025 00:03:39.691] [Server thread/INFO] [net.minecraft.server.MinecraftServer/]: Aldhair_16 was slain by elrisas741
[08Jan2025 00:03:39.698] [Server thread/INFO] [tombstone/]: The player Aldhair_16 has successfully been saved
